<?xml version="1.0" encoding="UTF-8"?>
<!-- Generated by org.testng.reporters.JUnitReportReporter -->
<testsuite skipped="0" hostname="LAPTOP-7HUNRUID" name="co.uk.expedia.testsuite.FlightTest" tests="1" failures="0" timestamp="17 Apr 2020 13:09:52 GMT" time="113.914" errors="0">
  <testcase name="verifyThatSameDestinationFlightsInSearchFields" time="113.914" classname="co.uk.expedia.testsuite.FlightTest"/>
</testsuite> <!-- co.uk.expedia.testsuite.FlightTest -->
