<?xml version="1.0" encoding="UTF-8"?>
<!-- Generated by org.testng.reporters.JUnitReportReporter -->
<testsuite skipped="0" hostname="LAPTOP-7HUNRUID" name="co.uk.expedia.testsuite.LoginTest" tests="1" failures="0" timestamp="17 Apr 2020 13:09:52 GMT" time="72.327" errors="0">
  <testcase name="verifyErrorMessageIsDisplayed" time="72.327" classname="co.uk.expedia.testsuite.LoginTest"/>
</testsuite> <!-- co.uk.expedia.testsuite.LoginTest -->
